TN:
SF:script/MonaPunk.s.sol
DA:10,0
FN:10,MonaPunkScript.setUp
FNDA:0,MonaPunkScript.setUp
DA:12,0
FN:12,MonaPunkScript.run
FNDA:0,MonaPunkScript.run
DA:13,0
DA:14,0
DA:16,0
DA:17,0
DA:19,0
DA:20,0
DA:22,0
FNF:2
FNH:0
LF:9
LH:0
BRF:0
BRH:0
end_of_record
TN:
SF:src/MonaPunk.sol
DA:17,4
FN:17,MonaPunk.pause
FNDA:4,MonaPunk.pause
DA:18,3
DA:21,1
FN:21,MonaPunk.unpause
FNDA:1,MonaPunk.unpause
DA:22,1
DA:25,122
FN:25,MonaPunk.safeMint
FNDA:122,MonaPunk.safeMint
DA:26,120
DA:27,120
DA:28,120
DA:29,120
DA:34,128
FN:34,MonaPunk._update
FNDA:128,MonaPunk._update
DA:39,128
DA:42,0
FN:42,MonaPunk._increaseBalance
FNDA:0,MonaPunk._increaseBalance
DA:43,0
DA:46,4
FN:46,MonaPunk.tokenURI
FNDA:4,MonaPunk.tokenURI
DA:47,4
DA:50,3
FN:50,MonaPunk.supportsInterface
FNDA:3,MonaPunk.supportsInterface
DA:56,3
FNF:7
FNH:6
LF:17
LH:15
BRF:0
BRH:0
end_of_record
